  CMapEditor.cpp
d:\mylab\gamelab\algorithm\wizardoflegend\framework\framework\mapeditor\cmapeditor.h(35): warning C4267: 'return': 'size_t'에서 'LONG'(으)로 변환하면서 데이터가 손실될 수 있습니다.
d:\mylab\gamelab\algorithm\wizardoflegend\framework\framework\mapeditor\cmapeditor.h(36): warning C4267: 'return': 'size_t'에서 'LONG'(으)로 변환하면서 데이터가 손실될 수 있습니다.
d:\mylab\gamelab\algorithm\wizardoflegend\framework\framework\mapeditor\catlasloader.h(23): warning C4267: 'return': 'size_t'에서 'LONG'(으)로 변환하면서 데이터가 손실될 수 있습니다.
d:\mylab\gamelab\algorithm\wizardoflegend\framework\framework\mapeditor\catlasloader.h(24): warning C4267: 'return': 'size_t'에서 'LONG'(으)로 변환하면서 데이터가 손실될 수 있습니다.
d:\mylab\gamelab\algorithm\wizardoflegend\framework\framework\mapeditor\cmapeditor.cpp(56): warning C4244: '인수': 'int'에서 'float'(으)로 변환하면서 데이터가 손실될 수 있습니다.
d:\mylab\gamelab\algorithm\wizardoflegend\framework\framework\mapeditor\cmapeditor.cpp(62): warning C4244: '인수': 'int'에서 'float'(으)로 변환하면서 데이터가 손실될 수 있습니다.
d:\mylab\gamelab\algorithm\wizardoflegend\framework\framework\mapeditor\cmapeditor.cpp(105): warning C4244: '인수': 'LONG'에서 'float'(으)로 변환하면서 데이터가 손실될 수 있습니다.
d:\mylab\gamelab\algorithm\wizardoflegend\framework\framework\mapeditor\cmapeditor.cpp(148): warning C4838: 'float'에서 'LONG'(으)로의 변환에는 축소 변환이 필요합니다.
d:\mylab\gamelab\algorithm\wizardoflegend\framework\framework\mapeditor\cmapeditor.cpp(146): warning C4244: '초기화 중': 'float'에서 'LONG'(으)로 변환하면서 데이터가 손실될 수 있습니다.
d:\mylab\gamelab\algorithm\wizardoflegend\framework\framework\mapeditor\cmapeditor.cpp(147): warning C4244: '초기화 중': 'float'에서 'LONG'(으)로 변환하면서 데이터가 손실될 수 있습니다.
d:\mylab\gamelab\algorithm\wizardoflegend\framework\framework\mapeditor\cmapeditor.cpp(149): warning C4244: '인수': 'LONG'에서 'float'(으)로 변환하면서 데이터가 손실될 수 있습니다.
d:\mylab\gamelab\algorithm\wizardoflegend\framework\framework\mapeditor\cmapeditor.cpp(175): warning C4244: '인수': 'LONG'에서 'float'(으)로 변환하면서 데이터가 손실될 수 있습니다.
d:\mylab\gamelab\algorithm\wizardoflegend\framework\framework\mapeditor\cmapeditor.cpp(177): warning C4244: '=': '_Ty1'에서 'LONG'(으)로 변환하면서 데이터가 손실될 수 있습니다.
          with
          [
              _Ty1=float
          ]
d:\mylab\gamelab\algorithm\wizardoflegend\framework\framework\mapeditor\cmapeditor.cpp(178): warning C4244: '=': '_Ty2'에서 'LONG'(으)로 변환하면서 데이터가 손실될 수 있습니다.
          with
          [
              _Ty2=float
          ]
d:\mylab\gamelab\algorithm\wizardoflegend\framework\framework\mapeditor\cmapeditor.cpp(182): warning C4244: '초기화 중': '_Ty1'에서 'int'(으)로 변환하면서 데이터가 손실될 수 있습니다.
          with
          [
              _Ty1=float
          ]
d:\mylab\gamelab\algorithm\wizardoflegend\framework\framework\mapeditor\cmapeditor.cpp(183): warning C4244: '초기화 중': '_Ty2'에서 'int'(으)로 변환하면서 데이터가 손실될 수 있습니다.
          with
          [
              _Ty2=float
          ]
d:\mylab\gamelab\algorithm\wizardoflegend\framework\framework\mapeditor\cmapeditor.cpp(321): warning C4244: '인수': '_Ty2'에서 'int'(으)로 변환하면서 데이터가 손실될 수 있습니다.
          with
          [
              _Ty2=float
          ]
d:\mylab\gamelab\algorithm\wizardoflegend\framework\framework\mapeditor\cmapeditor.cpp(321): warning C4244: '인수': '_Ty1'에서 'int'(으)로 변환하면서 데이터가 손실될 수 있습니다.
          with
          [
              _Ty1=float
          ]
d:\mylab\gamelab\algorithm\wizardoflegend\framework\framework\mapeditor\cmapeditor.cpp(390): warning C4244: '인수': 'size_t'에서 'float'(으)로 변환하면서 데이터가 손실될 수 있습니다.
d:\mylab\gamelab\algorithm\wizardoflegend\framework\framework\mapeditor\cmapeditor.cpp(390): warning C4244: '인수': 'LONG'에서 'float'(으)로 변환하면서 데이터가 손실될 수 있습니다.
d:\mylab\gamelab\algorithm\wizardoflegend\framework\framework\mapeditor\cmapeditor.cpp(391): warning C4244: '인수': '_Ty2'에서 'int'(으)로 변환하면서 데이터가 손실될 수 있습니다.
          with
          [
              _Ty2=float
          ]
d:\mylab\gamelab\algorithm\wizardoflegend\framework\framework\mapeditor\cmapeditor.cpp(391): warning C4244: '인수': '_Ty1'에서 'int'(으)로 변환하면서 데이터가 손실될 수 있습니다.
          with
          [
              _Ty1=float
          ]
d:\mylab\gamelab\algorithm\wizardoflegend\framework\framework\mapeditor\cmapeditor.cpp(393): warning C4244: '인수': 'size_t'에서 'float'(으)로 변환하면서 데이터가 손실될 수 있습니다.
d:\mylab\gamelab\algorithm\wizardoflegend\framework\framework\mapeditor\cmapeditor.cpp(393): warning C4244: '인수': 'LONG'에서 'float'(으)로 변환하면서 데이터가 손실될 수 있습니다.
d:\mylab\gamelab\algorithm\wizardoflegend\framework\framework\mapeditor\cmapeditor.cpp(394): warning C4244: '인수': '_Ty2'에서 'int'(으)로 변환하면서 데이터가 손실될 수 있습니다.
          with
          [
              _Ty2=float
          ]
d:\mylab\gamelab\algorithm\wizardoflegend\framework\framework\mapeditor\cmapeditor.cpp(394): warning C4244: '인수': '_Ty1'에서 'int'(으)로 변환하면서 데이터가 손실될 수 있습니다.
          with
          [
              _Ty1=float
          ]
d:\mylab\gamelab\algorithm\wizardoflegend\framework\framework\mapeditor\cmapeditor.cpp(399): warning C4244: '인수': 'LONG'에서 'float'(으)로 변환하면서 데이터가 손실될 수 있습니다.
d:\mylab\gamelab\algorithm\wizardoflegend\framework\framework\mapeditor\cmapeditor.cpp(399): warning C4244: '인수': 'size_t'에서 'float'(으)로 변환하면서 데이터가 손실될 수 있습니다.
d:\mylab\gamelab\algorithm\wizardoflegend\framework\framework\mapeditor\cmapeditor.cpp(400): warning C4244: '인수': '_Ty2'에서 'int'(으)로 변환하면서 데이터가 손실될 수 있습니다.
          with
          [
              _Ty2=float
          ]
d:\mylab\gamelab\algorithm\wizardoflegend\framework\framework\mapeditor\cmapeditor.cpp(400): warning C4244: '인수': '_Ty1'에서 'int'(으)로 변환하면서 데이터가 손실될 수 있습니다.
          with
          [
              _Ty1=float
          ]
d:\mylab\gamelab\algorithm\wizardoflegend\framework\framework\mapeditor\cmapeditor.cpp(402): warning C4244: '인수': 'LONG'에서 'float'(으)로 변환하면서 데이터가 손실될 수 있습니다.
d:\mylab\gamelab\algorithm\wizardoflegend\framework\framework\mapeditor\cmapeditor.cpp(402): warning C4244: '인수': 'size_t'에서 'float'(으)로 변환하면서 데이터가 손실될 수 있습니다.
d:\mylab\gamelab\algorithm\wizardoflegend\framework\framework\mapeditor\cmapeditor.cpp(403): warning C4244: '인수': '_Ty2'에서 'int'(으)로 변환하면서 데이터가 손실될 수 있습니다.
          with
          [
              _Ty2=float
          ]
d:\mylab\gamelab\algorithm\wizardoflegend\framework\framework\mapeditor\cmapeditor.cpp(403): warning C4244: '인수': '_Ty1'에서 'int'(으)로 변환하면서 데이터가 손실될 수 있습니다.
          with
          [
              _Ty1=float
          ]
d:\mylab\gamelab\algorithm\wizardoflegend\framework\framework\mapeditor\cmapeditor.cpp(415): warning C4244: '인수': '_Ty2'에서 'int'(으)로 변환하면서 데이터가 손실될 수 있습니다.
          with
          [
              _Ty2=float
          ]
d:\mylab\gamelab\algorithm\wizardoflegend\framework\framework\mapeditor\cmapeditor.cpp(414): warning C4244: '인수': '_Ty1'에서 'int'(으)로 변환하면서 데이터가 손실될 수 있습니다.
          with
          [
              _Ty1=float
          ]
d:\mylab\gamelab\algorithm\wizardoflegend\framework\framework\mapeditor\cmapeditor.cpp(413): warning C4244: '인수': '_Ty2'에서 'int'(으)로 변환하면서 데이터가 손실될 수 있습니다.
          with
          [
              _Ty2=float
          ]
d:\mylab\gamelab\algorithm\wizardoflegend\framework\framework\mapeditor\cmapeditor.cpp(412): warning C4244: '인수': '_Ty1'에서 'int'(으)로 변환하면서 데이터가 손실될 수 있습니다.
          with
          [
              _Ty1=float
          ]
d:\mylab\gamelab\algorithm\wizardoflegend\framework\framework\mapeditor\cmapeditor.cpp(427): warning C4267: '초기화 중': 'size_t'에서 'int'(으)로 변환하면서 데이터가 손실될 수 있습니다.
d:\mylab\gamelab\algorithm\wizardoflegend\framework\framework\mapeditor\cmapeditor.cpp(428): warning C4267: '초기화 중': 'size_t'에서 'int'(으)로 변환하면서 데이터가 손실될 수 있습니다.
d:\mylab\gamelab\algorithm\wizardoflegend\framework\framework\mapeditor\cmapeditor.cpp(440): warning C4267: '인수': 'size_t'에서 'int'(으)로 변환하면서 데이터가 손실될 수 있습니다.
d:\mylab\gamelab\algorithm\wizardoflegend\framework\framework\mapeditor\cmapeditor.cpp(464): warning C4244: '인수': 'LONG'에서 'float'(으)로 변환하면서 데이터가 손실될 수 있습니다.
d:\mylab\gamelab\algorithm\wizardoflegend\framework\framework\mapeditor\cmapeditor.cpp(465): warning C4244: '초기화 중': '_Ty2'에서 'int'(으)로 변환하면서 데이터가 손실될 수 있습니다.
          with
          [
              _Ty2=float
          ]
d:\mylab\gamelab\algorithm\wizardoflegend\framework\framework\mapeditor\cmapeditor.cpp(466): warning C4244: '초기화 중': '_Ty1'에서 'int'(으)로 변환하면서 데이터가 손실될 수 있습니다.
          with
          [
              _Ty1=float
          ]
d:\mylab\gamelab\algorithm\wizardoflegend\framework\framework\mapeditor\cmapeditor.cpp(484): warning C4267: '초기화 중': 'size_t'에서 'int'(으)로 변환하면서 데이터가 손실될 수 있습니다.
d:\mylab\gamelab\algorithm\wizardoflegend\framework\framework\mapeditor\cmapeditor.cpp(490): warning C4267: '초기화 중': 'size_t'에서 'int'(으)로 변환하면서 데이터가 손실될 수 있습니다.
d:\mylab\gamelab\algorithm\wizardoflegend\framework\framework\mapeditor\cmapeditor.cpp(516): warning C4244: '인수': 'LONG'에서 'float'(으)로 변환하면서 데이터가 손실될 수 있습니다.
d:\mylab\gamelab\algorithm\wizardoflegend\framework\framework\mapeditor\cmapeditor.cpp(576): warning C4267: '=': 'size_t'에서 'int'(으)로 변환하면서 데이터가 손실될 수 있습니다.
d:\mylab\gamelab\algorithm\wizardoflegend\framework\framework\mapeditor\cmapeditor.cpp(582): warning C4267: '=': 'size_t'에서 'int'(으)로 변환하면서 데이터가 손실될 수 있습니다.
d:\mylab\gamelab\algorithm\wizardoflegend\framework\framework\mapeditor\cmapeditor.cpp(587): warning C4267: '=': 'size_t'에서 'int'(으)로 변환하면서 데이터가 손실될 수 있습니다.
d:\mylab\gamelab\algorithm\wizardoflegend\framework\framework\mapeditor\cmapeditor.cpp(592): warning C4267: '=': 'size_t'에서 'int'(으)로 변환하면서 데이터가 손실될 수 있습니다.
d:\mylab\gamelab\algorithm\wizardoflegend\framework\framework\mapeditor\cmapeditor.cpp(658): warning C4267: '=': 'size_t'에서 'int'(으)로 변환하면서 데이터가 손실될 수 있습니다.
d:\mylab\gamelab\algorithm\wizardoflegend\framework\framework\mapeditor\cmapeditor.cpp(664): warning C4267: '=': 'size_t'에서 'int'(으)로 변환하면서 데이터가 손실될 수 있습니다.
d:\mylab\gamelab\algorithm\wizardoflegend\framework\framework\mapeditor\cmapeditor.cpp(669): warning C4267: '=': 'size_t'에서 'int'(으)로 변환하면서 데이터가 손실될 수 있습니다.
d:\mylab\gamelab\algorithm\wizardoflegend\framework\framework\mapeditor\cmapeditor.cpp(674): warning C4267: '=': 'size_t'에서 'int'(으)로 변환하면서 데이터가 손실될 수 있습니다.
  MapEditor.vcxproj -> D:\MyLab\GameLab\Algorithm\WizardOfLegend\Framework\Framework\x64\Debug\MapEditor.exe
