d:\mylab\gamelab\algorithm\wizardoflegend\framework\framework\0625\x64\debug\vc140.pdb
d:\mylab\gamelab\algorithm\wizardoflegend\framework\framework\0625\x64\debug\vc140.idb
d:\mylab\gamelab\algorithm\wizardoflegend\framework\framework\0625\x64\debug\cspace.obj
d:\mylab\gamelab\algorithm\wizardoflegend\framework\framework\0625\x64\debug\cgameworld.obj
d:\mylab\gamelab\algorithm\wizardoflegend\framework\framework\0625\x64\debug\mainapp.obj
d:\mylab\gamelab\algorithm\wizardoflegend\framework\framework\0625\x64\debug\ui_gauge.obj
d:\mylab\gamelab\algorithm\wizardoflegend\framework\framework\0625\x64\debug\0625.pch
d:\mylab\gamelab\algorithm\wizardoflegend\framework\framework\0625\x64\debug\stdafx.obj
d:\mylab\gamelab\algorithm\wizardoflegend\framework\framework\0625\x64\debug\ccamera2d.obj
d:\mylab\gamelab\algorithm\wizardoflegend\framework\framework\0625\x64\debug\cmaptool.obj
d:\mylab\gamelab\algorithm\wizardoflegend\framework\framework\0625\x64\debug\maptool_wol.obj
d:\mylab\gamelab\algorithm\wizardoflegend\framework\framework\0625\x64\debug\clayer.obj
d:\mylab\gamelab\algorithm\wizardoflegend\framework\framework\0625\x64\debug\cobj.obj
d:\mylab\gamelab\algorithm\wizardoflegend\framework\framework\0625\x64\debug\ctimer.obj
d:\mylab\gamelab\algorithm\wizardoflegend\framework\framework\0625\x64\debug\function.obj
d:\mylab\gamelab\algorithm\wizardoflegend\framework\framework\0625\x64\debug\gunbarrel.obj
d:\mylab\gamelab\algorithm\wizardoflegend\framework\framework\0625\x64\debug\keymgr.obj
d:\mylab\gamelab\algorithm\wizardoflegend\framework\framework\0625\x64\debug\screwball.obj
d:\mylab\gamelab\algorithm\wizardoflegend\framework\framework\0625\x64\debug\screwbullet.obj
d:\mylab\gamelab\algorithm\wizardoflegend\framework\framework\0625\x64\debug\shield.obj
d:\mylab\gamelab\algorithm\wizardoflegend\framework\framework\0625\x64\debug\bullet.obj
d:\mylab\gamelab\algorithm\wizardoflegend\framework\framework\0625\x64\debug\guidedbullet.obj
d:\mylab\gamelab\algorithm\wizardoflegend\framework\framework\0625\x64\debug\monster.obj
d:\mylab\gamelab\algorithm\wizardoflegend\framework\framework\0625\x64\debug\player.obj
d:\mylab\gamelab\algorithm\wizardoflegend\framework\framework\0625\x64\debug\ui_button.obj
d:\mylab\gamelab\algorithm\wizardoflegend\framework\framework\0625\x64\debug\cmapeditor.obj
d:\mylab\gamelab\algorithm\wizardoflegend\framework\framework\x64\debug\0625.ilk
d:\mylab\gamelab\algorithm\wizardoflegend\framework\framework\x64\debug\0625.exe
d:\mylab\gamelab\algorithm\wizardoflegend\framework\framework\x64\debug\0625.pdb
d:\mylab\gamelab\algorithm\wizardoflegend\framework\framework\0625\x64\debug\0625.res
d:\mylab\gamelab\algorithm\wizardoflegend\framework\framework\0625\x64\debug\총알상자2.obj
d:\mylab\gamelab\algorithm\wizardoflegend\framework\framework\0625\x64\debug\0625.tlog\cl.command.1.tlog
d:\mylab\gamelab\algorithm\wizardoflegend\framework\framework\0625\x64\debug\0625.tlog\cl.read.1.tlog
d:\mylab\gamelab\algorithm\wizardoflegend\framework\framework\0625\x64\debug\0625.tlog\cl.write.1.tlog
d:\mylab\gamelab\algorithm\wizardoflegend\framework\framework\0625\x64\debug\0625.tlog\link.command.1.tlog
d:\mylab\gamelab\algorithm\wizardoflegend\framework\framework\0625\x64\debug\0625.tlog\link.read.1.tlog
d:\mylab\gamelab\algorithm\wizardoflegend\framework\framework\0625\x64\debug\0625.tlog\link.write.1.tlog
d:\mylab\gamelab\algorithm\wizardoflegend\framework\framework\0625\x64\debug\0625.tlog\rc.command.1.tlog
d:\mylab\gamelab\algorithm\wizardoflegend\framework\framework\0625\x64\debug\0625.tlog\rc.read.1.tlog
d:\mylab\gamelab\algorithm\wizardoflegend\framework\framework\0625\x64\debug\0625.tlog\rc.write.1.tlog
