d:\mylab\gamelab\algorithm\wizardoflegend\framework\framework\mapeditor\debug\mapeditor.pch
d:\mylab\gamelab\algorithm\wizardoflegend\framework\framework\mapeditor\debug\vc141.pdb
d:\mylab\gamelab\algorithm\wizardoflegend\framework\framework\mapeditor\debug\vc141.idb
d:\mylab\gamelab\algorithm\wizardoflegend\framework\framework\mapeditor\debug\stdafx.obj
d:\mylab\gamelab\algorithm\wizardoflegend\framework\framework\mapeditor\debug\mapeditor.obj
d:\mylab\gamelab\algorithm\wizardoflegend\framework\framework\mapeditor\debug\keymgr.obj
d:\mylab\gamelab\algorithm\wizardoflegend\framework\framework\mapeditor\debug\function.obj
d:\mylab\gamelab\algorithm\wizardoflegend\framework\framework\mapeditor\debug\ctimer.obj
d:\mylab\gamelab\algorithm\wizardoflegend\framework\framework\mapeditor\debug\cspace.obj
d:\mylab\gamelab\algorithm\wizardoflegend\framework\framework\mapeditor\debug\cobj.obj
d:\mylab\gamelab\algorithm\wizardoflegend\framework\framework\mapeditor\debug\cmaptool.obj
d:\mylab\gamelab\algorithm\wizardoflegend\framework\framework\mapeditor\debug\cmapfilemgr.obj
d:\mylab\gamelab\algorithm\wizardoflegend\framework\framework\mapeditor\debug\cmapeditor.obj
d:\mylab\gamelab\algorithm\wizardoflegend\framework\framework\mapeditor\debug\cgameworld.obj
d:\mylab\gamelab\algorithm\wizardoflegend\framework\framework\mapeditor\debug\ceditor_trigger.obj
d:\mylab\gamelab\algorithm\wizardoflegend\framework\framework\mapeditor\debug\ceditor_spawnpoint.obj
d:\mylab\gamelab\algorithm\wizardoflegend\framework\framework\mapeditor\debug\ceditor_obj.obj
d:\mylab\gamelab\algorithm\wizardoflegend\framework\framework\mapeditor\debug\ceditor_door.obj
d:\mylab\gamelab\algorithm\wizardoflegend\framework\framework\mapeditor\debug\ceditor_collider.obj
d:\mylab\gamelab\algorithm\wizardoflegend\framework\framework\mapeditor\debug\ceditor_atlasobj.obj
d:\mylab\gamelab\algorithm\wizardoflegend\framework\framework\mapeditor\debug\ccamera2d.obj
d:\mylab\gamelab\algorithm\wizardoflegend\framework\framework\mapeditor\debug\cbitmapobj.obj
d:\mylab\gamelab\algorithm\wizardoflegend\framework\framework\mapeditor\debug\cbitmapmgr.obj
d:\mylab\gamelab\algorithm\wizardoflegend\framework\framework\mapeditor\debug\catlasloader.obj
d:\mylab\gamelab\algorithm\wizardoflegend\framework\framework\mapeditor\debug\ui_button.obj
d:\mylab\gamelab\algorithm\wizardoflegend\framework\framework\debug\mapeditor.ilk
d:\mylab\gamelab\algorithm\wizardoflegend\framework\framework\debug\mapeditor.exe
d:\mylab\gamelab\algorithm\wizardoflegend\framework\framework\debug\mapeditor.pdb
d:\mylab\gamelab\algorithm\wizardoflegend\framework\framework\mapeditor\debug\mapeditor.res
d:\mylab\gamelab\algorithm\wizardoflegend\framework\framework\mapeditor\debug\mapeditor.tlog\cl.command.1.tlog
d:\mylab\gamelab\algorithm\wizardoflegend\framework\framework\mapeditor\debug\mapeditor.tlog\cl.read.1.tlog
d:\mylab\gamelab\algorithm\wizardoflegend\framework\framework\mapeditor\debug\mapeditor.tlog\cl.write.1.tlog
d:\mylab\gamelab\algorithm\wizardoflegend\framework\framework\mapeditor\debug\mapeditor.tlog\link.command.1.tlog
d:\mylab\gamelab\algorithm\wizardoflegend\framework\framework\mapeditor\debug\mapeditor.tlog\link.read.1.tlog
d:\mylab\gamelab\algorithm\wizardoflegend\framework\framework\mapeditor\debug\mapeditor.tlog\link.write.1.tlog
d:\mylab\gamelab\algorithm\wizardoflegend\framework\framework\mapeditor\debug\mapeditor.tlog\rc.command.1.tlog
d:\mylab\gamelab\algorithm\wizardoflegend\framework\framework\mapeditor\debug\mapeditor.tlog\rc.read.1.tlog
d:\mylab\gamelab\algorithm\wizardoflegend\framework\framework\mapeditor\debug\mapeditor.tlog\rc.write.1.tlog
