  CPlayScene.cpp
d:\mylab\gamelab\algorithm\wizardoflegend\framework\framework\0625\CObj.h(62): warning C4244: '인수': 'LONG'에서 'float'(으)로 변환하면서 데이터가 손실될 수 있습니다.
d:\mylab\gamelab\algorithm\wizardoflegend\framework\framework\0625\CObj.h(63): warning C4244: '인수': 'LONG'에서 'float'(으)로 변환하면서 데이터가 손실될 수 있습니다.
CPlayScene.cpp(139): warning C4244: '인수': 'LONG'에서 'float'(으)로 변환하면서 데이터가 손실될 수 있습니다.
CPlayScene.cpp(142): warning C4244: '인수': 'LONG'에서 'float'(으)로 변환하면서 데이터가 손실될 수 있습니다.
CPlayScene.cpp(147): warning C4244: '인수': 'LONG'에서 'float'(으)로 변환하면서 데이터가 손실될 수 있습니다.
CPlayScene.cpp(150): warning C4244: '인수': 'LONG'에서 'float'(으)로 변환하면서 데이터가 손실될 수 있습니다.
CPlayScene.cpp(171): warning C4244: '인수': 'LONG'에서 'float'(으)로 변환하면서 데이터가 손실될 수 있습니다.
CPlayScene.cpp(174): warning C4244: '인수': 'LONG'에서 'float'(으)로 변환하면서 데이터가 손실될 수 있습니다.
CPlayScene.cpp(179): warning C4244: '인수': 'LONG'에서 'float'(으)로 변환하면서 데이터가 손실될 수 있습니다.
CPlayScene.cpp(182): warning C4244: '인수': 'LONG'에서 'float'(으)로 변환하면서 데이터가 손실될 수 있습니다.
CPlayScene.cpp(201): warning C4244: '인수': 'LONG'에서 'float'(으)로 변환하면서 데이터가 손실될 수 있습니다.
CPlayScene.cpp(222): warning C4244: '인수': 'LONG'에서 'float'(으)로 변환하면서 데이터가 손실될 수 있습니다.
CPlayScene.cpp(225): warning C4244: '인수': 'LONG'에서 'float'(으)로 변환하면서 데이터가 손실될 수 있습니다.
CPlayScene.cpp(230): warning C4244: '인수': 'LONG'에서 'float'(으)로 변환하면서 데이터가 손실될 수 있습니다.
CPlayScene.cpp(233): warning C4244: '인수': 'LONG'에서 'float'(으)로 변환하면서 데이터가 손실될 수 있습니다.
CPlayScene.cpp(258): warning C4244: '인수': 'LONG'에서 'float'(으)로 변환하면서 데이터가 손실될 수 있습니다.
CPlayScene.cpp(261): warning C4244: '인수': 'LONG'에서 'float'(으)로 변환하면서 데이터가 손실될 수 있습니다.
CPlayScene.cpp(266): warning C4244: '인수': 'LONG'에서 'float'(으)로 변환하면서 데이터가 손실될 수 있습니다.
CPlayScene.cpp(269): warning C4244: '인수': 'LONG'에서 'float'(으)로 변환하면서 데이터가 손실될 수 있습니다.
CPlayScene.cpp(291): warning C4244: '인수': 'LONG'에서 'float'(으)로 변환하면서 데이터가 손실될 수 있습니다.
CPlayScene.cpp(294): warning C4244: '인수': 'int'에서 'float'(으)로 변환하면서 데이터가 손실될 수 있습니다.
  CWOL_World.cpp
d:\mylab\gamelab\algorithm\wizardoflegend\framework\framework\0625\CObj.h(62): warning C4244: '인수': 'LONG'에서 'float'(으)로 변환하면서 데이터가 손실될 수 있습니다.
d:\mylab\gamelab\algorithm\wizardoflegend\framework\framework\0625\CObj.h(63): warning C4244: '인수': 'LONG'에서 'float'(으)로 변환하면서 데이터가 손실될 수 있습니다.
  코드를 생성하고 있습니다.
  5 of 2227 functions ( 0.2%) were compiled, the rest were copied from previous compilation.
    0 functions were new in current compilation
    36 functions had inline decision re-evaluated but remain unchanged
  코드를 생성했습니다.
  0625.vcxproj -> D:\MyLab\GameLab\Algorithm\WizardOfLegend\Framework\Framework\Release\0625.exe
  0625.vcxproj -> D:\MyLab\GameLab\Algorithm\WizardOfLegend\Framework\Framework\Release\0625.pdb (Full PDB)
