d:\mylab\gamelab\algorithm\wizardoflegend\framework\framework\0625\release\vc140.pdb
d:\mylab\gamelab\algorithm\wizardoflegend\framework\framework\0625\release\cfireparticle.obj
d:\mylab\gamelab\algorithm\wizardoflegend\framework\framework\0625\release\cfiredragonskillstate.obj
d:\mylab\gamelab\algorithm\wizardoflegend\framework\framework\0625\release\cfiredragon.obj
d:\mylab\gamelab\algorithm\wizardoflegend\framework\framework\0625\release\cdoor.obj
d:\mylab\gamelab\algorithm\wizardoflegend\framework\framework\0625\release\ccamera2d.obj
d:\mylab\gamelab\algorithm\wizardoflegend\framework\framework\0625\release\cbitmapobj.obj
d:\mylab\gamelab\algorithm\wizardoflegend\framework\framework\0625\release\cbitmapmgr.obj
d:\mylab\gamelab\algorithm\wizardoflegend\framework\framework\0625\release\ccollider.obj
d:\mylab\gamelab\algorithm\wizardoflegend\framework\framework\0625\release\ccoin.obj
d:\mylab\gamelab\algorithm\wizardoflegend\framework\framework\0625\release\cboss_middleboss.obj
d:\mylab\gamelab\algorithm\wizardoflegend\framework\framework\0625\release\catlasobj.obj
d:\mylab\gamelab\algorithm\wizardoflegend\framework\framework\0625\release\catlasloader.obj
d:\mylab\gamelab\algorithm\wizardoflegend\framework\framework\0625\release\carcherstate_run.obj
d:\mylab\gamelab\algorithm\wizardoflegend\framework\framework\0625\release\carcherstate_idle.obj
d:\mylab\gamelab\algorithm\wizardoflegend\framework\framework\0625\release\carcherstate_death.obj
d:\mylab\gamelab\algorithm\wizardoflegend\framework\framework\0625\release\carcherstate_damage.obj
d:\mylab\gamelab\algorithm\wizardoflegend\framework\framework\0625\release\carcherstate_attack.obj
d:\mylab\gamelab\algorithm\wizardoflegend\framework\framework\0625\release\carcherbow.obj
d:\mylab\gamelab\algorithm\wizardoflegend\framework\framework\0625\release\carcherarrow.obj
d:\mylab\gamelab\algorithm\wizardoflegend\framework\framework\0625\release\bullet.obj
d:\mylab\gamelab\algorithm\wizardoflegend\framework\framework\0625\release\cmiddlebossstate_summon.obj
d:\mylab\gamelab\algorithm\wizardoflegend\framework\framework\0625\release\cmiddlebossstate_run.obj
d:\mylab\gamelab\algorithm\wizardoflegend\framework\framework\0625\release\cmiddlebossstate_idle.obj
d:\mylab\gamelab\algorithm\wizardoflegend\framework\framework\0625\release\cmiddlebossstate_icecrystal.obj
d:\mylab\gamelab\algorithm\wizardoflegend\framework\framework\0625\release\cmiddlebossstate_firedragon.obj
d:\mylab\gamelab\algorithm\wizardoflegend\framework\framework\0625\release\cmiddlebossstate_fire.obj
d:\mylab\gamelab\algorithm\wizardoflegend\framework\framework\0625\release\cmiddlebossstate_death.obj
d:\mylab\gamelab\algorithm\wizardoflegend\framework\framework\0625\release\cmapobjsgroup.obj
d:\mylab\gamelab\algorithm\wizardoflegend\framework\framework\0625\release\cmapfilemgr.obj
d:\mylab\gamelab\algorithm\wizardoflegend\framework\framework\0625\release\cmaploader.obj
d:\mylab\gamelab\algorithm\wizardoflegend\framework\framework\0625\release\citem_potion.obj
d:\mylab\gamelab\algorithm\wizardoflegend\framework\framework\0625\release\citem_gaia.obj
d:\mylab\gamelab\algorithm\wizardoflegend\framework\framework\0625\release\citem_droppedcard.obj
d:\mylab\gamelab\algorithm\wizardoflegend\framework\framework\0625\release\cicecrystalskillstate.obj
d:\mylab\gamelab\algorithm\wizardoflegend\framework\framework\0625\release\cicecrystalchild.obj
d:\mylab\gamelab\algorithm\wizardoflegend\framework\framework\0625\release\cicecrystal.obj
d:\mylab\gamelab\algorithm\wizardoflegend\framework\framework\0625\release\chiteffect.obj
d:\mylab\gamelab\algorithm\wizardoflegend\framework\framework\0625\release\cgaiaarmorskillstate.obj
d:\mylab\gamelab\algorithm\wizardoflegend\framework\framework\0625\release\cgaiaarmorchild.obj
d:\mylab\gamelab\algorithm\wizardoflegend\framework\framework\0625\release\cgaiaarmor.obj
d:\mylab\gamelab\algorithm\wizardoflegend\framework\framework\0625\release\cgameworld.obj
d:\mylab\gamelab\algorithm\wizardoflegend\framework\framework\0625\release\cspace.obj
d:\mylab\gamelab\algorithm\wizardoflegend\framework\framework\0625\release\cscenemgr.obj
d:\mylab\gamelab\algorithm\wizardoflegend\framework\framework\0625\release\cscene.obj
d:\mylab\gamelab\algorithm\wizardoflegend\framework\framework\0625\release\cplayscene.obj
d:\mylab\gamelab\algorithm\wizardoflegend\framework\framework\0625\release\cplayerwol.obj
d:\mylab\gamelab\algorithm\wizardoflegend\framework\framework\0625\release\cplayerstate_run.obj
d:\mylab\gamelab\algorithm\wizardoflegend\framework\framework\0625\release\cplayerstate_idle.obj
d:\mylab\gamelab\algorithm\wizardoflegend\framework\framework\0625\release\cplayerstate_death.obj
d:\mylab\gamelab\algorithm\wizardoflegend\framework\framework\0625\release\cplayerstate_dash.obj
d:\mylab\gamelab\algorithm\wizardoflegend\framework\framework\0625\release\cplayerstate_damage.obj
d:\mylab\gamelab\algorithm\wizardoflegend\framework\framework\0625\release\cplayerstate_attack.obj
d:\mylab\gamelab\algorithm\wizardoflegend\framework\framework\0625\release\cplayerspawner.obj
d:\mylab\gamelab\algorithm\wizardoflegend\framework\framework\0625\release\cplayernormalskillstate.obj
d:\mylab\gamelab\algorithm\wizardoflegend\framework\framework\0625\release\cplayernormalattack.obj
d:\mylab\gamelab\algorithm\wizardoflegend\framework\framework\0625\release\cmonster_wizardball.obj
d:\mylab\gamelab\algorithm\wizardoflegend\framework\framework\0625\release\cmonster_wizard.obj
d:\mylab\gamelab\algorithm\wizardoflegend\framework\framework\0625\release\cmonster_swordman.obj
d:\mylab\gamelab\algorithm\wizardoflegend\framework\framework\0625\release\cmonster_archer.obj
d:\mylab\gamelab\algorithm\wizardoflegend\framework\framework\0625\release\cmonsterspawner.obj
d:\mylab\gamelab\algorithm\wizardoflegend\framework\framework\0625\release\cui_minimap.obj
d:\mylab\gamelab\algorithm\wizardoflegend\framework\framework\0625\release\cui_middlebossbar.obj
d:\mylab\gamelab\algorithm\wizardoflegend\framework\framework\0625\release\cui_image.obj
d:\mylab\gamelab\algorithm\wizardoflegend\framework\framework\0625\release\cui_goldtext.obj
d:\mylab\gamelab\algorithm\wizardoflegend\framework\framework\0625\release\cui_damagetext.obj
d:\mylab\gamelab\algorithm\wizardoflegend\framework\framework\0625\release\cui_cursor.obj
d:\mylab\gamelab\algorithm\wizardoflegend\framework\framework\0625\release\cui_cooltime.obj
d:\mylab\gamelab\algorithm\wizardoflegend\framework\framework\0625\release\ctrigger.obj
d:\mylab\gamelab\algorithm\wizardoflegend\framework\framework\0625\release\ctitlescene.obj
d:\mylab\gamelab\algorithm\wizardoflegend\framework\framework\0625\release\ctimer.obj
d:\mylab\gamelab\algorithm\wizardoflegend\framework\framework\0625\release\cswordmanstate_run.obj
d:\mylab\gamelab\algorithm\wizardoflegend\framework\framework\0625\release\cswordmanstate_idle.obj
d:\mylab\gamelab\algorithm\wizardoflegend\framework\framework\0625\release\cswordmanstate_death.obj
d:\mylab\gamelab\algorithm\wizardoflegend\framework\framework\0625\release\cswordmanstate_damage.obj
d:\mylab\gamelab\algorithm\wizardoflegend\framework\framework\0625\release\cswordmanstate_attack.obj
d:\mylab\gamelab\algorithm\wizardoflegend\framework\framework\0625\release\cswordmanattack.obj
d:\mylab\gamelab\algorithm\wizardoflegend\framework\framework\0625\release\cstatemgr.obj
d:\mylab\gamelab\algorithm\wizardoflegend\framework\framework\0625\release\cstate.obj
d:\mylab\gamelab\algorithm\wizardoflegend\framework\framework\0625\release\cspawnpoint.obj
d:\mylab\gamelab\algorithm\wizardoflegend\framework\framework\0625\release\cspawner.obj
d:\mylab\gamelab\algorithm\wizardoflegend\framework\framework\0625\release\gunbarrel.obj
d:\mylab\gamelab\algorithm\wizardoflegend\framework\framework\0625\release\guidedbullet.obj
d:\mylab\gamelab\algorithm\wizardoflegend\framework\framework\0625\release\function.obj
d:\mylab\gamelab\algorithm\wizardoflegend\framework\framework\0625\release\cwol_world.obj
d:\mylab\gamelab\algorithm\wizardoflegend\framework\framework\0625\release\cdashskillstate.obj
d:\mylab\gamelab\algorithm\wizardoflegend\framework\framework\0625\release\cwizardstate_run.obj
d:\mylab\gamelab\algorithm\wizardoflegend\framework\framework\0625\release\cwizardstate_idle.obj
d:\mylab\gamelab\algorithm\wizardoflegend\framework\framework\0625\release\cwizardstate_death.obj
d:\mylab\gamelab\algorithm\wizardoflegend\framework\framework\0625\release\cwizardstate_damage.obj
d:\mylab\gamelab\algorithm\wizardoflegend\framework\framework\0625\release\cwizardstate_attack.obj
d:\mylab\gamelab\algorithm\wizardoflegend\framework\framework\0625\release\cwizardfire.obj
d:\mylab\gamelab\algorithm\wizardoflegend\framework\framework\0625\release\cwizardballstate_run.obj
d:\mylab\gamelab\algorithm\wizardoflegend\framework\framework\0625\release\cwizardballstate_idle.obj
d:\mylab\gamelab\algorithm\wizardoflegend\framework\framework\0625\release\cwizardballstate_damage.obj
d:\mylab\gamelab\algorithm\wizardoflegend\framework\framework\0625\release\cwizardballstate_attack.obj
d:\mylab\gamelab\algorithm\wizardoflegend\framework\framework\0625\release\cwizardballstate_aiming.obj
d:\mylab\gamelab\algorithm\wizardoflegend\framework\framework\0625\release\cui_skillkeybutton.obj
d:\mylab\gamelab\algorithm\wizardoflegend\framework\framework\0625\release\cui_skillkeybinding.obj
d:\mylab\gamelab\algorithm\wizardoflegend\framework\framework\0625\release\cui_skillbar.obj
d:\mylab\gamelab\algorithm\wizardoflegend\framework\framework\0625\release\cui_money.obj
d:\mylab\gamelab\algorithm\wizardoflegend\framework\framework\0625\release\cobj.obj
d:\mylab\gamelab\algorithm\wizardoflegend\framework\framework\0625\release\cui_playerbar.obj
d:\mylab\gamelab\algorithm\wizardoflegend\framework\framework\0625\release\ui_gauge.obj
d:\mylab\gamelab\algorithm\wizardoflegend\framework\framework\0625\release\ui_button.obj
d:\mylab\gamelab\algorithm\wizardoflegend\framework\framework\0625\release\soundmgr.obj
d:\mylab\gamelab\algorithm\wizardoflegend\framework\framework\0625\release\cspawnergenerator.obj
d:\mylab\gamelab\algorithm\wizardoflegend\framework\framework\0625\release\shield.obj
d:\mylab\gamelab\algorithm\wizardoflegend\framework\framework\0625\release\screwbullet.obj
d:\mylab\gamelab\algorithm\wizardoflegend\framework\framework\0625\release\screwball.obj
d:\mylab\gamelab\algorithm\wizardoflegend\framework\framework\0625\release\player.obj
d:\mylab\gamelab\algorithm\wizardoflegend\framework\framework\0625\release\main.obj
d:\mylab\gamelab\algorithm\wizardoflegend\framework\framework\0625\release\keymgr.obj
d:\mylab\gamelab\algorithm\wizardoflegend\framework\framework\0625\release\0625.pch
d:\mylab\gamelab\algorithm\wizardoflegend\framework\framework\0625\release\stdafx.obj
d:\mylab\gamelab\algorithm\wizardoflegend\framework\framework\0625\release\cboxattack.obj
d:\mylab\gamelab\algorithm\wizardoflegend\framework\framework\0625\release\cbottomhole.obj
d:\mylab\gamelab\algorithm\wizardoflegend\framework\framework\0625\release\cboss_boss.obj
d:\mylab\gamelab\algorithm\wizardoflegend\framework\framework\0625\release\cbossstate_stonepillar.obj
d:\mylab\gamelab\algorithm\wizardoflegend\framework\framework\0625\release\cbossstate_idle.obj
d:\mylab\gamelab\algorithm\wizardoflegend\framework\framework\0625\release\cbossstate_death.obj
d:\mylab\gamelab\algorithm\wizardoflegend\framework\framework\0625\release\cbossstate_boxattack.obj
d:\mylab\gamelab\algorithm\wizardoflegend\framework\framework\0625\release\cbossscene.obj
d:\mylab\gamelab\algorithm\wizardoflegend\framework\framework\0625\release\ciceblastskillstate.obj
d:\mylab\gamelab\algorithm\wizardoflegend\framework\framework\0625\release\ciceblastchild.obj
d:\mylab\gamelab\algorithm\wizardoflegend\framework\framework\0625\release\ciceblast.obj
d:\mylab\gamelab\algorithm\wizardoflegend\framework\framework\0625\release\cstonepillargenerator.obj
d:\mylab\gamelab\algorithm\wizardoflegend\framework\framework\0625\release\cstonepillar.obj
d:\mylab\gamelab\algorithm\wizardoflegend\framework\framework\0625\release\cui_bossbar.obj
d:\mylab\gamelab\algorithm\wizardoflegend\framework\framework\0625\release\cteleport.obj
d:\mylab\gamelab\algorithm\wizardoflegend\framework\framework\0625\release\cbossstate_jumpattack.obj
d:\mylab\gamelab\algorithm\wizardoflegend\framework\framework\release\0625.exe
d:\mylab\gamelab\algorithm\wizardoflegend\framework\framework\release\0625.ipdb
d:\mylab\gamelab\algorithm\wizardoflegend\framework\framework\release\0625.iobj
d:\mylab\gamelab\algorithm\wizardoflegend\framework\framework\release\0625.pdb
d:\mylab\gamelab\algorithm\wizardoflegend\framework\framework\0625\release\0625.res
d:\mylab\gamelab\algorithm\wizardoflegend\framework\framework\0625\release\0625.tlog\cl.command.1.tlog
d:\mylab\gamelab\algorithm\wizardoflegend\framework\framework\0625\release\0625.tlog\cl.read.1.tlog
d:\mylab\gamelab\algorithm\wizardoflegend\framework\framework\0625\release\0625.tlog\cl.write.1.tlog
d:\mylab\gamelab\algorithm\wizardoflegend\framework\framework\0625\release\0625.tlog\link.command.1.tlog
d:\mylab\gamelab\algorithm\wizardoflegend\framework\framework\0625\release\0625.tlog\link.read.1.tlog
d:\mylab\gamelab\algorithm\wizardoflegend\framework\framework\0625\release\0625.tlog\link.write.1.tlog
d:\mylab\gamelab\algorithm\wizardoflegend\framework\framework\0625\release\0625.tlog\rc.command.1.tlog
d:\mylab\gamelab\algorithm\wizardoflegend\framework\framework\0625\release\0625.tlog\rc.read.1.tlog
d:\mylab\gamelab\algorithm\wizardoflegend\framework\framework\0625\release\0625.tlog\rc.write.1.tlog
