d:\mylab\gamelab\algorithm\wizardoflegend\framework\framework\0625\debug\0625.pch
d:\mylab\gamelab\algorithm\wizardoflegend\framework\framework\0625\debug\vc140.pdb
d:\mylab\gamelab\algorithm\wizardoflegend\framework\framework\0625\debug\vc140.idb
d:\mylab\gamelab\algorithm\wizardoflegend\framework\framework\0625\debug\stdafx.obj
d:\mylab\gamelab\algorithm\wizardoflegend\framework\framework\0625\debug\cwizardstate_death.obj
d:\mylab\gamelab\algorithm\wizardoflegend\framework\framework\0625\debug\cwizardstate_idle.obj
d:\mylab\gamelab\algorithm\wizardoflegend\framework\framework\0625\debug\cwizardstate_run.obj
d:\mylab\gamelab\algorithm\wizardoflegend\framework\framework\0625\debug\cdashskillstate.obj
d:\mylab\gamelab\algorithm\wizardoflegend\framework\framework\0625\debug\cwol_world.obj
d:\mylab\gamelab\algorithm\wizardoflegend\framework\framework\0625\debug\function.obj
d:\mylab\gamelab\algorithm\wizardoflegend\framework\framework\0625\debug\guidedbullet.obj
d:\mylab\gamelab\algorithm\wizardoflegend\framework\framework\0625\debug\gunbarrel.obj
d:\mylab\gamelab\algorithm\wizardoflegend\framework\framework\0625\debug\keymgr.obj
d:\mylab\gamelab\algorithm\wizardoflegend\framework\framework\0625\debug\main.obj
d:\mylab\gamelab\algorithm\wizardoflegend\framework\framework\0625\debug\player.obj
d:\mylab\gamelab\algorithm\wizardoflegend\framework\framework\0625\debug\screwball.obj
d:\mylab\gamelab\algorithm\wizardoflegend\framework\framework\0625\debug\screwbullet.obj
d:\mylab\gamelab\algorithm\wizardoflegend\framework\framework\0625\debug\shield.obj
d:\mylab\gamelab\algorithm\wizardoflegend\framework\framework\0625\debug\cspawnergenerator.obj
d:\mylab\gamelab\algorithm\wizardoflegend\framework\framework\0625\debug\soundmgr.obj
d:\mylab\gamelab\algorithm\wizardoflegend\framework\framework\0625\debug\ui_button.obj
d:\mylab\gamelab\algorithm\wizardoflegend\framework\framework\0625\debug\ui_gauge.obj
d:\mylab\gamelab\algorithm\wizardoflegend\framework\framework\0625\debug\cui_playerbar.obj
d:\mylab\gamelab\algorithm\wizardoflegend\framework\framework\0625\debug\cobj.obj
d:\mylab\gamelab\algorithm\wizardoflegend\framework\framework\0625\debug\ctrigger.obj
d:\mylab\gamelab\algorithm\wizardoflegend\framework\framework\0625\debug\cui_cooltime.obj
d:\mylab\gamelab\algorithm\wizardoflegend\framework\framework\0625\debug\cui_cursor.obj
d:\mylab\gamelab\algorithm\wizardoflegend\framework\framework\0625\debug\cui_damagetext.obj
d:\mylab\gamelab\algorithm\wizardoflegend\framework\framework\0625\debug\cui_goldtext.obj
d:\mylab\gamelab\algorithm\wizardoflegend\framework\framework\0625\debug\cui_image.obj
d:\mylab\gamelab\algorithm\wizardoflegend\framework\framework\0625\debug\cui_middlebossbar.obj
d:\mylab\gamelab\algorithm\wizardoflegend\framework\framework\0625\debug\cui_minimap.obj
d:\mylab\gamelab\algorithm\wizardoflegend\framework\framework\0625\debug\cui_money.obj
d:\mylab\gamelab\algorithm\wizardoflegend\framework\framework\0625\debug\cui_skillbar.obj
d:\mylab\gamelab\algorithm\wizardoflegend\framework\framework\0625\debug\cui_skillkeybinding.obj
d:\mylab\gamelab\algorithm\wizardoflegend\framework\framework\0625\debug\cui_skillkeybutton.obj
d:\mylab\gamelab\algorithm\wizardoflegend\framework\framework\0625\debug\cwizardballstate_aiming.obj
d:\mylab\gamelab\algorithm\wizardoflegend\framework\framework\0625\debug\cwizardballstate_attack.obj
d:\mylab\gamelab\algorithm\wizardoflegend\framework\framework\0625\debug\cwizardballstate_damage.obj
d:\mylab\gamelab\algorithm\wizardoflegend\framework\framework\0625\debug\cwizardballstate_idle.obj
d:\mylab\gamelab\algorithm\wizardoflegend\framework\framework\0625\debug\cwizardballstate_run.obj
d:\mylab\gamelab\algorithm\wizardoflegend\framework\framework\0625\debug\cwizardfire.obj
d:\mylab\gamelab\algorithm\wizardoflegend\framework\framework\0625\debug\cwizardstate_attack.obj
d:\mylab\gamelab\algorithm\wizardoflegend\framework\framework\0625\debug\cwizardstate_damage.obj
d:\mylab\gamelab\algorithm\wizardoflegend\framework\framework\0625\debug\cplayerstate_run.obj
d:\mylab\gamelab\algorithm\wizardoflegend\framework\framework\0625\debug\cplayerwol.obj
d:\mylab\gamelab\algorithm\wizardoflegend\framework\framework\0625\debug\cplayscene.obj
d:\mylab\gamelab\algorithm\wizardoflegend\framework\framework\0625\debug\cscene.obj
d:\mylab\gamelab\algorithm\wizardoflegend\framework\framework\0625\debug\cscenemgr.obj
d:\mylab\gamelab\algorithm\wizardoflegend\framework\framework\0625\debug\cspace.obj
d:\mylab\gamelab\algorithm\wizardoflegend\framework\framework\0625\debug\cgameworld.obj
d:\mylab\gamelab\algorithm\wizardoflegend\framework\framework\0625\debug\clayer.obj
d:\mylab\gamelab\algorithm\wizardoflegend\framework\framework\0625\debug\cspawner.obj
d:\mylab\gamelab\algorithm\wizardoflegend\framework\framework\0625\debug\cspawnpoint.obj
d:\mylab\gamelab\algorithm\wizardoflegend\framework\framework\0625\debug\cstate.obj
d:\mylab\gamelab\algorithm\wizardoflegend\framework\framework\0625\debug\cstatemgr.obj
d:\mylab\gamelab\algorithm\wizardoflegend\framework\framework\0625\debug\cswordmanattack.obj
d:\mylab\gamelab\algorithm\wizardoflegend\framework\framework\0625\debug\cswordmanstate_attack.obj
d:\mylab\gamelab\algorithm\wizardoflegend\framework\framework\0625\debug\cswordmanstate_damage.obj
d:\mylab\gamelab\algorithm\wizardoflegend\framework\framework\0625\debug\cswordmanstate_death.obj
d:\mylab\gamelab\algorithm\wizardoflegend\framework\framework\0625\debug\cswordmanstate_idle.obj
d:\mylab\gamelab\algorithm\wizardoflegend\framework\framework\0625\debug\cswordmanstate_run.obj
d:\mylab\gamelab\algorithm\wizardoflegend\framework\framework\0625\debug\ctimer.obj
d:\mylab\gamelab\algorithm\wizardoflegend\framework\framework\0625\debug\ctitlescene.obj
d:\mylab\gamelab\algorithm\wizardoflegend\framework\framework\0625\debug\cmiddlebossstate_death.obj
d:\mylab\gamelab\algorithm\wizardoflegend\framework\framework\0625\debug\cmiddlebossstate_fire.obj
d:\mylab\gamelab\algorithm\wizardoflegend\framework\framework\0625\debug\cmiddlebossstate_firedragon.obj
d:\mylab\gamelab\algorithm\wizardoflegend\framework\framework\0625\debug\cmiddlebossstate_icecrystal.obj
d:\mylab\gamelab\algorithm\wizardoflegend\framework\framework\0625\debug\cmiddlebossstate_idle.obj
d:\mylab\gamelab\algorithm\wizardoflegend\framework\framework\0625\debug\cmiddlebossstate_run.obj
d:\mylab\gamelab\algorithm\wizardoflegend\framework\framework\0625\debug\cmiddlebossstate_summon.obj
d:\mylab\gamelab\algorithm\wizardoflegend\framework\framework\0625\debug\cmonsterspawner.obj
d:\mylab\gamelab\algorithm\wizardoflegend\framework\framework\0625\debug\cmonster_archer.obj
d:\mylab\gamelab\algorithm\wizardoflegend\framework\framework\0625\debug\cmonster_swordman.obj
d:\mylab\gamelab\algorithm\wizardoflegend\framework\framework\0625\debug\cmonster_wizard.obj
d:\mylab\gamelab\algorithm\wizardoflegend\framework\framework\0625\debug\cmonster_wizardball.obj
d:\mylab\gamelab\algorithm\wizardoflegend\framework\framework\0625\debug\cplayernormalattack.obj
d:\mylab\gamelab\algorithm\wizardoflegend\framework\framework\0625\debug\cplayernormalskillstate.obj
d:\mylab\gamelab\algorithm\wizardoflegend\framework\framework\0625\debug\cplayerspawner.obj
d:\mylab\gamelab\algorithm\wizardoflegend\framework\framework\0625\debug\cplayerstate_attack.obj
d:\mylab\gamelab\algorithm\wizardoflegend\framework\framework\0625\debug\cplayerstate_damage.obj
d:\mylab\gamelab\algorithm\wizardoflegend\framework\framework\0625\debug\cplayerstate_dash.obj
d:\mylab\gamelab\algorithm\wizardoflegend\framework\framework\0625\debug\cplayerstate_death.obj
d:\mylab\gamelab\algorithm\wizardoflegend\framework\framework\0625\debug\cplayerstate_idle.obj
d:\mylab\gamelab\algorithm\wizardoflegend\framework\framework\0625\debug\cdoor.obj
d:\mylab\gamelab\algorithm\wizardoflegend\framework\framework\0625\debug\cfiredragon.obj
d:\mylab\gamelab\algorithm\wizardoflegend\framework\framework\0625\debug\cfiredragonskillstate.obj
d:\mylab\gamelab\algorithm\wizardoflegend\framework\framework\0625\debug\cfireparticle.obj
d:\mylab\gamelab\algorithm\wizardoflegend\framework\framework\0625\debug\cgaiaarmor.obj
d:\mylab\gamelab\algorithm\wizardoflegend\framework\framework\0625\debug\cgaiaarmorchild.obj
d:\mylab\gamelab\algorithm\wizardoflegend\framework\framework\0625\debug\cgaiaarmorskillstate.obj
d:\mylab\gamelab\algorithm\wizardoflegend\framework\framework\0625\debug\chiteffect.obj
d:\mylab\gamelab\algorithm\wizardoflegend\framework\framework\0625\debug\ciceblast.obj
d:\mylab\gamelab\algorithm\wizardoflegend\framework\framework\0625\debug\ciceblastchild.obj
d:\mylab\gamelab\algorithm\wizardoflegend\framework\framework\0625\debug\ciceblastskillstate.obj
d:\mylab\gamelab\algorithm\wizardoflegend\framework\framework\0625\debug\cicecrystal.obj
d:\mylab\gamelab\algorithm\wizardoflegend\framework\framework\0625\debug\cicecrystalchild.obj
d:\mylab\gamelab\algorithm\wizardoflegend\framework\framework\0625\debug\cicecrystalskillstate.obj
d:\mylab\gamelab\algorithm\wizardoflegend\framework\framework\0625\debug\citem_droppedcard.obj
d:\mylab\gamelab\algorithm\wizardoflegend\framework\framework\0625\debug\citem_gaia.obj
d:\mylab\gamelab\algorithm\wizardoflegend\framework\framework\0625\debug\citem_potion.obj
d:\mylab\gamelab\algorithm\wizardoflegend\framework\framework\0625\debug\cmaploader.obj
d:\mylab\gamelab\algorithm\wizardoflegend\framework\framework\0625\debug\cmapfilemgr.obj
d:\mylab\gamelab\algorithm\wizardoflegend\framework\framework\0625\debug\cmapobjsgroup.obj
d:\mylab\gamelab\algorithm\wizardoflegend\framework\framework\0625\debug\bullet.obj
d:\mylab\gamelab\algorithm\wizardoflegend\framework\framework\0625\debug\carcherarrow.obj
d:\mylab\gamelab\algorithm\wizardoflegend\framework\framework\0625\debug\carcherbow.obj
d:\mylab\gamelab\algorithm\wizardoflegend\framework\framework\0625\debug\carcherstate_attack.obj
d:\mylab\gamelab\algorithm\wizardoflegend\framework\framework\0625\debug\carcherstate_damage.obj
d:\mylab\gamelab\algorithm\wizardoflegend\framework\framework\0625\debug\carcherstate_death.obj
d:\mylab\gamelab\algorithm\wizardoflegend\framework\framework\0625\debug\carcherstate_idle.obj
d:\mylab\gamelab\algorithm\wizardoflegend\framework\framework\0625\debug\carcherstate_run.obj
d:\mylab\gamelab\algorithm\wizardoflegend\framework\framework\0625\debug\catlasloader.obj
d:\mylab\gamelab\algorithm\wizardoflegend\framework\framework\0625\debug\catlasobj.obj
d:\mylab\gamelab\algorithm\wizardoflegend\framework\framework\0625\debug\cboss_middleboss.obj
d:\mylab\gamelab\algorithm\wizardoflegend\framework\framework\0625\debug\cbottomhole.obj
d:\mylab\gamelab\algorithm\wizardoflegend\framework\framework\0625\debug\ccoin.obj
d:\mylab\gamelab\algorithm\wizardoflegend\framework\framework\0625\debug\ccollider.obj
d:\mylab\gamelab\algorithm\wizardoflegend\framework\framework\0625\debug\cbitmapmgr.obj
d:\mylab\gamelab\algorithm\wizardoflegend\framework\framework\0625\debug\cbitmapobj.obj
d:\mylab\gamelab\algorithm\wizardoflegend\framework\framework\0625\debug\ccamera2d.obj
d:\mylab\gamelab\algorithm\wizardoflegend\framework\framework\debug\0625.ilk
d:\mylab\gamelab\algorithm\wizardoflegend\framework\framework\debug\0625.exe
d:\mylab\gamelab\algorithm\wizardoflegend\framework\framework\debug\0625.pdb
d:\mylab\gamelab\algorithm\wizardoflegend\framework\framework\0625\debug\0625.res
d:\mylab\gamelab\algorithm\wizardoflegend\framework\framework\0625\debug\0625.tlog\cl.command.1.tlog
d:\mylab\gamelab\algorithm\wizardoflegend\framework\framework\0625\debug\0625.tlog\cl.read.1.tlog
d:\mylab\gamelab\algorithm\wizardoflegend\framework\framework\0625\debug\0625.tlog\cl.write.1.tlog
d:\mylab\gamelab\algorithm\wizardoflegend\framework\framework\0625\debug\0625.tlog\link.command.1.tlog
d:\mylab\gamelab\algorithm\wizardoflegend\framework\framework\0625\debug\0625.tlog\link.read.1.tlog
d:\mylab\gamelab\algorithm\wizardoflegend\framework\framework\0625\debug\0625.tlog\link.write.1.tlog
d:\mylab\gamelab\algorithm\wizardoflegend\framework\framework\0625\debug\0625.tlog\rc.command.1.tlog
d:\mylab\gamelab\algorithm\wizardoflegend\framework\framework\0625\debug\0625.tlog\rc.read.1.tlog
d:\mylab\gamelab\algorithm\wizardoflegend\framework\framework\0625\debug\0625.tlog\rc.write.1.tlog
