  CPlayScene.cpp
d:\mylab\gamelab\algorithm\wizardoflegend\framework\framework\0625\cobj.h(62): warning C4244: '인수': 'LONG'에서 'float'(으)로 변환하면서 데이터가 손실될 수 있습니다.
d:\mylab\gamelab\algorithm\wizardoflegend\framework\framework\0625\cobj.h(63): warning C4244: '인수': 'LONG'에서 'float'(으)로 변환하면서 데이터가 손실될 수 있습니다.
d:\mylab\gamelab\algorithm\wizardoflegend\framework\framework\0625\cplayscene.cpp(161): warning C4244: '인수': 'std::size_t'에서 'float'(으)로 변환하면서 데이터가 손실될 수 있습니다.
d:\mylab\gamelab\algorithm\wizardoflegend\framework\framework\0625\cplayscene.cpp(163): warning C4244: '인수': 'LONG'에서 'float'(으)로 변환하면서 데이터가 손실될 수 있습니다.
d:\mylab\gamelab\algorithm\wizardoflegend\framework\framework\0625\cplayscene.cpp(166): warning C4244: '인수': 'LONG'에서 'float'(으)로 변환하면서 데이터가 손실될 수 있습니다.
d:\mylab\gamelab\algorithm\wizardoflegend\framework\framework\0625\cplayscene.cpp(169): warning C4244: '인수': 'LONG'에서 'float'(으)로 변환하면서 데이터가 손실될 수 있습니다.
d:\mylab\gamelab\algorithm\wizardoflegend\framework\framework\0625\cplayscene.cpp(172): warning C4244: '인수': 'LONG'에서 'float'(으)로 변환하면서 데이터가 손실될 수 있습니다.
d:\mylab\gamelab\algorithm\wizardoflegend\framework\framework\0625\cplayscene.cpp(200): warning C4244: '인수': 'std::size_t'에서 'float'(으)로 변환하면서 데이터가 손실될 수 있습니다.
d:\mylab\gamelab\algorithm\wizardoflegend\framework\framework\0625\cplayscene.cpp(202): warning C4244: '인수': 'LONG'에서 'float'(으)로 변환하면서 데이터가 손실될 수 있습니다.
d:\mylab\gamelab\algorithm\wizardoflegend\framework\framework\0625\cplayscene.cpp(205): warning C4244: '인수': 'LONG'에서 'float'(으)로 변환하면서 데이터가 손실될 수 있습니다.
d:\mylab\gamelab\algorithm\wizardoflegend\framework\framework\0625\cplayscene.cpp(208): warning C4244: '인수': 'LONG'에서 'float'(으)로 변환하면서 데이터가 손실될 수 있습니다.
d:\mylab\gamelab\algorithm\wizardoflegend\framework\framework\0625\cplayscene.cpp(211): warning C4244: '인수': 'LONG'에서 'float'(으)로 변환하면서 데이터가 손실될 수 있습니다.
  CBoxAttack.cpp
d:\mylab\gamelab\algorithm\wizardoflegend\framework\framework\0625\cobj.h(62): warning C4244: '인수': 'LONG'에서 'float'(으)로 변환하면서 데이터가 손실될 수 있습니다.
d:\mylab\gamelab\algorithm\wizardoflegend\framework\framework\0625\cobj.h(63): warning C4244: '인수': 'LONG'에서 'float'(으)로 변환하면서 데이터가 손실될 수 있습니다.
d:\mylab\gamelab\algorithm\wizardoflegend\framework\framework\0625\cboxattack.cpp(72): warning C4244: '인수': 'LONG'에서 'float'(으)로 변환하면서 데이터가 손실될 수 있습니다.
d:\mylab\gamelab\algorithm\wizardoflegend\framework\framework\0625\cboxattack.cpp(73): warning C4244: '인수': 'LONG'에서 'float'(으)로 변환하면서 데이터가 손실될 수 있습니다.
d:\mylab\gamelab\algorithm\wizardoflegend\framework\framework\0625\cboxattack.cpp(75): warning C4838: 'float'에서 'LONG'(으)로의 변환에는 축소 변환이 필요합니다.
d:\mylab\gamelab\algorithm\wizardoflegend\framework\framework\0625\cboxattack.cpp(75): warning C4244: '초기화 중': 'float'에서 'LONG'(으)로 변환하면서 데이터가 손실될 수 있습니다.
d:\mylab\gamelab\algorithm\wizardoflegend\framework\framework\0625\cboxattack.cpp(88): warning C4244: '인수': 'float'에서 'int'(으)로 변환하면서 데이터가 손실될 수 있습니다.
d:\mylab\gamelab\algorithm\wizardoflegend\framework\framework\0625\cboxattack.cpp(102): warning C4244: '인수': 'LONG'에서 'float'(으)로 변환하면서 데이터가 손실될 수 있습니다.
d:\mylab\gamelab\algorithm\wizardoflegend\framework\framework\0625\cboxattack.cpp(109): warning C4244: '인수': 'LONG'에서 'float'(으)로 변환하면서 데이터가 손실될 수 있습니다.
  코드를 생성하고 있습니다...
  0625.vcxproj -> D:\MyLab\GameLab\Algorithm\WizardOfLegend\Framework\Framework\Debug\0625.exe
  0625.vcxproj -> D:\MyLab\GameLab\Algorithm\WizardOfLegend\Framework\Framework\Debug\0625.pdb (Full PDB)
